TpTrace Verbose: 0 : 20316, 1, 2022/08/16, 11:16:13.410, 170671053126, vstest.console.dll, Version: 16.11.0
TpTrace Information: 0 : 20316, 1, 2022/08/16, 11:16:13.421, 170671143170, vstest.console.dll, FilePatternParser: The given file C:\Users\rpn\source\repos\ArticleTest\ArticleUnitTest\bin\Debug\netcoreapp3.1\fine-code-coverage\build-output\ArticleUnitTest.dll is a full path.
TpTrace Verbose: 0 : 20316, 1, 2022/08/16, 11:16:13.428, 170671218902, vstest.console.dll, TestPluginCache.DiscoverTestExtensions: finding test extensions in assemblies ends with: RuntimeProvider.dll TPluginInfo: Microsoft.VisualStudio.TestPlatform.Common.ExtensionFramework.Utilities.TestRuntimePluginInformation TExtension: Microsoft.VisualStudio.TestPlatform.ObjectModel.Host.ITestRuntimeProvider
TpTrace Verbose: 0 : 20316, 1, 2022/08/16, 11:16:13.429, 170671226247, vstest.console.dll, TestPluginCache.GetExtensionPaths: Filtered extension paths: 
TpTrace Verbose: 0 : 20316, 1, 2022/08/16, 11:16:13.429, 170671228682, vstest.console.dll, TestPluginCache.GetExtensionPaths: Added default extension paths: C:\Program Files\dotnet\sdk\5.0.408\Extensions\Microsoft.Diagnostics.NETCore.Client.dll
C:\Program Files\dotnet\sdk\5.0.408\Extensions\Microsoft.TestPlatform.Extensions.BlameDataCollector.dll
C:\Program Files\dotnet\sdk\5.0.408\Extensions\Microsoft.TestPlatform.Extensions.EventLogCollector.dll
C:\Program Files\dotnet\sdk\5.0.408\Extensions\Microsoft.TestPlatform.TestHostRuntimeProvider.dll
C:\Program Files\dotnet\sdk\5.0.408\Extensions\Microsoft.VisualStudio.TestPlatform.Extensions.Html.TestLogger.dll
C:\Program Files\dotnet\sdk\5.0.408\Extensions\Microsoft.VisualStudio.TestPlatform.Extensions.Trx.TestLogger.dll
TpTrace Verbose: 0 : 20316, 1, 2022/08/16, 11:16:13.429, 170671229731, vstest.console.dll, TestPluginCache.GetExtensionPaths: Added unfilterableExtensionPaths: 
TpTrace Information: 0 : 20316, 1, 2022/08/16, 11:16:13.431, 170671244453, vstest.console.dll, AssemblyResolver.ctor: Creating AssemblyResolver with searchDirectories C:\Program Files\dotnet\sdk\5.0.408\Extensions,C:\Program Files\dotnet\sdk\5.0.408
TpTrace Verbose: 0 : 20316, 1, 2022/08/16, 11:16:13.432, 170671260774, vstest.console.dll, TestPluginCache.DiscoverTestExtensions: Discovering the extensions using extension path.
TpTrace Verbose: 0 : 20316, 1, 2022/08/16, 11:16:13.433, 170671263551, vstest.console.dll, TestPluginCache.GetExtensionPaths: Filtered extension paths: 
TpTrace Verbose: 0 : 20316, 1, 2022/08/16, 11:16:13.433, 170671264372, vstest.console.dll, TestPluginCache.GetExtensionPaths: Added default extension paths: C:\Program Files\dotnet\sdk\5.0.408\Extensions\Microsoft.Diagnostics.NETCore.Client.dll
C:\Program Files\dotnet\sdk\5.0.408\Extensions\Microsoft.TestPlatform.Extensions.BlameDataCollector.dll
C:\Program Files\dotnet\sdk\5.0.408\Extensions\Microsoft.TestPlatform.Extensions.EventLogCollector.dll
C:\Program Files\dotnet\sdk\5.0.408\Extensions\Microsoft.TestPlatform.TestHostRuntimeProvider.dll
C:\Program Files\dotnet\sdk\5.0.408\Extensions\Microsoft.VisualStudio.TestPlatform.Extensions.Html.TestLogger.dll
C:\Program Files\dotnet\sdk\5.0.408\Extensions\Microsoft.VisualStudio.TestPlatform.Extensions.Trx.TestLogger.dll
TpTrace Verbose: 0 : 20316, 1, 2022/08/16, 11:16:13.433, 170671264830, vstest.console.dll, TestPluginCache.GetExtensionPaths: Added unfilterableExtensionPaths: 
TpTrace Verbose: 0 : 20316, 1, 2022/08/16, 11:16:13.433, 170671265808, vstest.console.dll, TestPluginCache.DiscoverTestExtensions: Discovering the extensions using allExtensionPaths: C:\Program Files\dotnet\sdk\5.0.408\Extensions\Microsoft.Diagnostics.NETCore.Client.dll
C:\Program Files\dotnet\sdk\5.0.408\Extensions\Microsoft.TestPlatform.Extensions.BlameDataCollector.dll
C:\Program Files\dotnet\sdk\5.0.408\Extensions\Microsoft.TestPlatform.Extensions.EventLogCollector.dll
C:\Program Files\dotnet\sdk\5.0.408\Extensions\Microsoft.TestPlatform.TestHostRuntimeProvider.dll
C:\Program Files\dotnet\sdk\5.0.408\Extensions\Microsoft.VisualStudio.TestPlatform.Extensions.Html.TestLogger.dll
C:\Program Files\dotnet\sdk\5.0.408\Extensions\Microsoft.VisualStudio.TestPlatform.Extensions.Trx.TestLogger.dll
TpTrace Information: 0 : 20316, 1, 2022/08/16, 11:16:13.433, 170671267563, vstest.console.dll, AssemblyResolver.AddSearchDirectories: Adding more searchDirectories C:\Program Files\dotnet\sdk\5.0.408\Extensions,C:\Program Files\dotnet\sdk\5.0.408
TpTrace Information: 0 : 20316, 1, 2022/08/16, 11:16:13.433, 170671268685, vstest.console.dll, AssemblyResolver.AddSearchDirectories: Adding more searchDirectories C:\Program Files\dotnet\sdk\5.0.408\Extensions,C:\Program Files\dotnet\sdk\5.0.408
TpTrace Information: 0 : 20316, 1, 2022/08/16, 11:16:13.433, 170671269073, vstest.console.dll, AssemblyResolver.AddSearchDirectories: Adding more searchDirectories C:\Program Files\dotnet\sdk\5.0.408\Extensions,C:\Program Files\dotnet\sdk\5.0.408
TpTrace Information: 0 : 20316, 1, 2022/08/16, 11:16:13.433, 170671269339, vstest.console.dll, AssemblyResolver.AddSearchDirectories: Adding more searchDirectories C:\Program Files\dotnet\sdk\5.0.408\Extensions,C:\Program Files\dotnet\sdk\5.0.408
TpTrace Information: 0 : 20316, 1, 2022/08/16, 11:16:13.433, 170671269582, vstest.console.dll, AssemblyResolver.AddSearchDirectories: Adding more searchDirectories C:\Program Files\dotnet\sdk\5.0.408\Extensions,C:\Program Files\dotnet\sdk\5.0.408
TpTrace Information: 0 : 20316, 1, 2022/08/16, 11:16:13.433, 170671269866, vstest.console.dll, AssemblyResolver.AddSearchDirectories: Adding more searchDirectories C:\Program Files\dotnet\sdk\5.0.408\Extensions,C:\Program Files\dotnet\sdk\5.0.408
TpTrace Information: 0 : 20316, 1, 2022/08/16, 11:16:13.434, 170671273266, vstest.console.dll, AssemblyResolver.OnResolve: Microsoft.Diagnostics.NETCore.Client: Resolving assembly.
TpTrace Information: 0 : 20316, 1, 2022/08/16, 11:16:13.434, 170671273952, vstest.console.dll, AssemblyResolver.OnResolve: Microsoft.Diagnostics.NETCore.Client: Searching in: 'C:\Program Files\dotnet\sdk\5.0.408\Extensions'.
TpTrace Information: 0 : 20316, 1, 2022/08/16, 11:16:13.434, 170671278803, vstest.console.dll, AssemblyResolver.OnResolve: Microsoft.Diagnostics.NETCore.Client: Loading assembly 'C:\Program Files\dotnet\sdk\5.0.408\Extensions\Microsoft.Diagnostics.NETCore.Client.dll'.
TpTrace Information: 0 : 20316, 1, 2022/08/16, 11:16:13.435, 170671287459, vstest.console.dll, AssemblyResolver.OnResolve: Resolved assembly: Microsoft.Diagnostics.NETCore.Client, from path: C:\Program Files\dotnet\sdk\5.0.408\Extensions\Microsoft.Diagnostics.NETCore.Client.dll
TpTrace Information: 0 : 20316, 1, 2022/08/16, 11:16:13.438, 170671320452, vstest.console.dll, AssemblyResolver.OnResolve: Microsoft.Bcl.AsyncInterfaces: Resolving assembly.
TpTrace Information: 0 : 20316, 1, 2022/08/16, 11:16:13.438, 170671321991, vstest.console.dll, AssemblyResolver.OnResolve: Microsoft.Bcl.AsyncInterfaces: Searching in: 'C:\Program Files\dotnet\sdk\5.0.408\Extensions'.
TpTrace Information: 0 : 20316, 1, 2022/08/16, 11:16:13.439, 170671323244, vstest.console.dll, AssemblyResolver.OnResolve: Microsoft.Bcl.AsyncInterfaces: Assembly path does not exist: 'C:\Program Files\dotnet\sdk\5.0.408\Extensions\Microsoft.Bcl.AsyncInterfaces.dll', returning.
TpTrace Information: 0 : 20316, 1, 2022/08/16, 11:16:13.439, 170671324540, vstest.console.dll, AssemblyResolver.OnResolve: Microsoft.Bcl.AsyncInterfaces: Assembly path does not exist: 'C:\Program Files\dotnet\sdk\5.0.408\Extensions\Microsoft.Bcl.AsyncInterfaces.exe', returning.
TpTrace Information: 0 : 20316, 1, 2022/08/16, 11:16:13.439, 170671325193, vstest.console.dll, AssemblyResolver.OnResolve: Microsoft.Bcl.AsyncInterfaces: Searching in: 'C:\Program Files\dotnet\sdk\5.0.408'.
TpTrace Information: 0 : 20316, 1, 2022/08/16, 11:16:13.439, 170671326226, vstest.console.dll, AssemblyResolver.OnResolve: Microsoft.Bcl.AsyncInterfaces: Assembly path does not exist: 'C:\Program Files\dotnet\sdk\5.0.408\Microsoft.Bcl.AsyncInterfaces.dll', returning.
TpTrace Information: 0 : 20316, 1, 2022/08/16, 11:16:13.439, 170671326794, vstest.console.dll, AssemblyResolver.OnResolve: Microsoft.Bcl.AsyncInterfaces: Assembly path does not exist: 'C:\Program Files\dotnet\sdk\5.0.408\Microsoft.Bcl.AsyncInterfaces.exe', returning.
TpTrace Information: 0 : 20316, 1, 2022/08/16, 11:16:13.439, 170671327107, vstest.console.dll, AssemblyResolver.OnResolve: Microsoft.Bcl.AsyncInterfaces: Failed to load assembly.
TpTrace Verbose: 0 : 20316, 1, 2022/08/16, 11:16:13.439, 170671327525, vstest.console.dll, CurrentDomainAssemblyResolve: Resolving assembly 'Microsoft.Bcl.AsyncInterfaces'.
TpTrace Information: 0 : 20316, 1, 2022/08/16, 11:16:13.439, 170671328361, vstest.console.dll, AssemblyResolver.OnResolve: Microsoft.Bcl.AsyncInterfaces: Resolving assembly.
TpTrace Information: 0 : 20316, 1, 2022/08/16, 11:16:13.439, 170671328744, vstest.console.dll, AssemblyResolver.OnResolve: Microsoft.Bcl.AsyncInterfaces: Resolved from cache.
TpTrace Verbose: 0 : 20316, 1, 2022/08/16, 11:16:13.439, 170671329018, vstest.console.dll, CurrentDomainAssemblyResolve: Resolving assembly 'Microsoft.Bcl.AsyncInterfaces'.
TpTrace Verbose: 0 : 20316, 1, 2022/08/16, 11:16:13.439, 170671329670, vstest.console.dll, CurrentDomainAssemblyResolve: Failed to resolve assembly 'Microsoft.Bcl.AsyncInterfaces'.
TpTrace Verbose: 0 : 20316, 1, 2022/08/16, 11:16:13.440, 170671339011, vstest.console.dll, CurrentDomainAssemblyResolve: Failed to resolve assembly 'Microsoft.Bcl.AsyncInterfaces'.
TpTrace Warning: 0 : 20316, 1, 2022/08/16, 11:16:13.460, 170671536998, vstest.console.dll, TestPluginDiscoverer: Failed to get types from assembly 'Microsoft.Diagnostics.NETCore.Client, Version=0.2.2.41902, Culture=neutral, PublicKeyToken=31bf3856ad364e35'.  Skipping test extension scan for this assembly.  Error: System.Reflection.ReflectionTypeLoadException: Unable to load one or more of the requested types.
Could not load file or assembly 'Microsoft.Bcl.AsyncInterfaces, Version=1.0.0.0, Culture=neutral, PublicKeyToken=cc7b13ffcd2ddd51'. The system cannot find the file specified.
   at System.Reflection.RuntimeModule.GetTypes(RuntimeModule module)
   at System.Reflection.RuntimeModule.GetTypes()
   at System.Reflection.Assembly.GetTypes()
   at Microsoft.VisualStudio.TestPlatform.Common.ExtensionFramework.TestPluginDiscoverer.GetTestExtensionsFromAssembly[TPluginInfo,TExtension](Assembly assembly, Dictionary`2 pluginInfos)
System.IO.FileNotFoundException: Could not load file or assembly 'Microsoft.Bcl.AsyncInterfaces, Version=1.0.0.0, Culture=neutral, PublicKeyToken=cc7b13ffcd2ddd51'. The system cannot find the file specified.
File name: 'Microsoft.Bcl.AsyncInterfaces, Version=1.0.0.0, Culture=neutral, PublicKeyToken=cc7b13ffcd2ddd51'
TpTrace Warning: 0 : 20316, 1, 2022/08/16, 11:16:13.460, 170671538144, vstest.console.dll, LoaderExceptions: System.IO.FileNotFoundException: Could not load file or assembly 'Microsoft.Bcl.AsyncInterfaces, Version=1.0.0.0, Culture=neutral, PublicKeyToken=cc7b13ffcd2ddd51'. The system cannot find the file specified.
File name: 'Microsoft.Bcl.AsyncInterfaces, Version=1.0.0.0, Culture=neutral, PublicKeyToken=cc7b13ffcd2ddd51'
TpTrace Information: 0 : 20316, 1, 2022/08/16, 11:16:13.460, 170671539201, vstest.console.dll, AssemblyResolver.OnResolve: Microsoft.TestPlatform.Extensions.BlameDataCollector: Resolving assembly.
TpTrace Information: 0 : 20316, 1, 2022/08/16, 11:16:13.460, 170671539579, vstest.console.dll, AssemblyResolver.OnResolve: Microsoft.TestPlatform.Extensions.BlameDataCollector: Searching in: 'C:\Program Files\dotnet\sdk\5.0.408\Extensions'.
TpTrace Information: 0 : 20316, 1, 2022/08/16, 11:16:13.461, 170671542374, vstest.console.dll, AssemblyResolver.OnResolve: Microsoft.TestPlatform.Extensions.BlameDataCollector: Loading assembly 'C:\Program Files\dotnet\sdk\5.0.408\Extensions\Microsoft.TestPlatform.Extensions.BlameDataCollector.dll'.
TpTrace Information: 0 : 20316, 1, 2022/08/16, 11:16:13.461, 170671549768, vstest.console.dll, AssemblyResolver.OnResolve: Resolved assembly: Microsoft.TestPlatform.Extensions.BlameDataCollector, from path: C:\Program Files\dotnet\sdk\5.0.408\Extensions\Microsoft.TestPlatform.Extensions.BlameDataCollector.dll
TpTrace Information: 0 : 20316, 1, 2022/08/16, 11:16:13.462, 170671555614, vstest.console.dll, AssemblyResolver.OnResolve: Microsoft.TestPlatform.Extensions.EventLogCollector: Resolving assembly.
TpTrace Information: 0 : 20316, 1, 2022/08/16, 11:16:13.462, 170671556241, vstest.console.dll, AssemblyResolver.OnResolve: Microsoft.TestPlatform.Extensions.EventLogCollector: Searching in: 'C:\Program Files\dotnet\sdk\5.0.408\Extensions'.
TpTrace Information: 0 : 20316, 1, 2022/08/16, 11:16:13.462, 170671558630, vstest.console.dll, AssemblyResolver.OnResolve: Microsoft.TestPlatform.Extensions.EventLogCollector: Loading assembly 'C:\Program Files\dotnet\sdk\5.0.408\Extensions\Microsoft.TestPlatform.Extensions.EventLogCollector.dll'.
TpTrace Information: 0 : 20316, 1, 2022/08/16, 11:16:13.462, 170671562186, vstest.console.dll, AssemblyResolver.OnResolve: Resolved assembly: Microsoft.TestPlatform.Extensions.EventLogCollector, from path: C:\Program Files\dotnet\sdk\5.0.408\Extensions\Microsoft.TestPlatform.Extensions.EventLogCollector.dll
TpTrace Information: 0 : 20316, 1, 2022/08/16, 11:16:13.464, 170671579942, vstest.console.dll, AssemblyResolver.OnResolve: Microsoft.TestPlatform.TestHostRuntimeProvider: Resolving assembly.
TpTrace Information: 0 : 20316, 1, 2022/08/16, 11:16:13.464, 170671580822, vstest.console.dll, AssemblyResolver.OnResolve: Microsoft.TestPlatform.TestHostRuntimeProvider: Searching in: 'C:\Program Files\dotnet\sdk\5.0.408\Extensions'.
TpTrace Information: 0 : 20316, 1, 2022/08/16, 11:16:13.465, 170671583275, vstest.console.dll, AssemblyResolver.OnResolve: Microsoft.TestPlatform.TestHostRuntimeProvider: Loading assembly 'C:\Program Files\dotnet\sdk\5.0.408\Extensions\Microsoft.TestPlatform.TestHostRuntimeProvider.dll'.
TpTrace Information: 0 : 20316, 1, 2022/08/16, 11:16:13.465, 170671589957, vstest.console.dll, AssemblyResolver.OnResolve: Resolved assembly: Microsoft.TestPlatform.TestHostRuntimeProvider, from path: C:\Program Files\dotnet\sdk\5.0.408\Extensions\Microsoft.TestPlatform.TestHostRuntimeProvider.dll
TpTrace Information: 0 : 20316, 1, 2022/08/16, 11:16:13.466, 170671600586, vstest.console.dll, AssemblyResolver.OnResolve: Microsoft.VisualStudio.TestPlatform.Extensions.Html.TestLogger: Resolving assembly.
TpTrace Information: 0 : 20316, 1, 2022/08/16, 11:16:13.466, 170671601268, vstest.console.dll, AssemblyResolver.OnResolve: Microsoft.VisualStudio.TestPlatform.Extensions.Html.TestLogger: Searching in: 'C:\Program Files\dotnet\sdk\5.0.408\Extensions'.
TpTrace Information: 0 : 20316, 1, 2022/08/16, 11:16:13.467, 170671604082, vstest.console.dll, AssemblyResolver.OnResolve: Microsoft.VisualStudio.TestPlatform.Extensions.Html.TestLogger: Loading assembly 'C:\Program Files\dotnet\sdk\5.0.408\Extensions\Microsoft.VisualStudio.TestPlatform.Extensions.Html.TestLogger.dll'.
TpTrace Information: 0 : 20316, 1, 2022/08/16, 11:16:13.467, 170671610712, vstest.console.dll, AssemblyResolver.OnResolve: Resolved assembly: Microsoft.VisualStudio.TestPlatform.Extensions.Html.TestLogger, from path: C:\Program Files\dotnet\sdk\5.0.408\Extensions\Microsoft.VisualStudio.TestPlatform.Extensions.Html.TestLogger.dll
TpTrace Information: 0 : 20316, 1, 2022/08/16, 11:16:13.468, 170671614165, vstest.console.dll, AssemblyResolver.OnResolve: Microsoft.VisualStudio.TestPlatform.Extensions.Trx.TestLogger: Resolving assembly.
TpTrace Information: 0 : 20316, 1, 2022/08/16, 11:16:13.468, 170671614764, vstest.console.dll, AssemblyResolver.OnResolve: Microsoft.VisualStudio.TestPlatform.Extensions.Trx.TestLogger: Searching in: 'C:\Program Files\dotnet\sdk\5.0.408\Extensions'.
TpTrace Information: 0 : 20316, 1, 2022/08/16, 11:16:13.468, 170671617323, vstest.console.dll, AssemblyResolver.OnResolve: Microsoft.VisualStudio.TestPlatform.Extensions.Trx.TestLogger: Loading assembly 'C:\Program Files\dotnet\sdk\5.0.408\Extensions\Microsoft.VisualStudio.TestPlatform.Extensions.Trx.TestLogger.dll'.
TpTrace Information: 0 : 20316, 1, 2022/08/16, 11:16:13.469, 170671624435, vstest.console.dll, AssemblyResolver.OnResolve: Resolved assembly: Microsoft.VisualStudio.TestPlatform.Extensions.Trx.TestLogger, from path: C:\Program Files\dotnet\sdk\5.0.408\Extensions\Microsoft.VisualStudio.TestPlatform.Extensions.Trx.TestLogger.dll
TpTrace Verbose: 0 : 20316, 1, 2022/08/16, 11:16:13.469, 170671629287, vstest.console.dll, TestPluginCache: Discovered the extensions using extension path ''.
TpTrace Verbose: 0 : 20316, 1, 2022/08/16, 11:16:13.469, 170671629846, vstest.console.dll, TestPluginCache: Discoverers are ''.
TpTrace Verbose: 0 : 20316, 1, 2022/08/16, 11:16:13.469, 170671630099, vstest.console.dll, TestPluginCache: Executors are ''.
TpTrace Verbose: 0 : 20316, 1, 2022/08/16, 11:16:13.469, 170671630388, vstest.console.dll, TestPluginCache: Executors2 are ''.
TpTrace Verbose: 0 : 20316, 1, 2022/08/16, 11:16:13.469, 170671630593, vstest.console.dll, TestPluginCache: Setting providers are ''.
TpTrace Verbose: 0 : 20316, 1, 2022/08/16, 11:16:13.469, 170671630793, vstest.console.dll, TestPluginCache: Loggers are ''.
TpTrace Information: 0 : 20316, 1, 2022/08/16, 11:16:13.474, 170671675872, vstest.console.dll, RunTestsArgumentProcessor:Execute: Test run is starting.
TpTrace Verbose: 0 : 20316, 1, 2022/08/16, 11:16:13.474, 170671676782, vstest.console.dll, RunTestsArgumentProcessor:Execute: Queuing Test run.
TpTrace Information: 0 : 20316, 1, 2022/08/16, 11:16:13.474, 170671678397, vstest.console.dll, TestRequestManager.RunTests: run tests started.
TpTrace Information: 0 : 20316, 1, 2022/08/16, 11:16:13.478, 170671714944, vstest.console.dll, AssemblyMetadataProvider.GetFrameWork: Determined framework:'.NETCoreApp,Version=v3.1' for source: 'C:\Users\rpn\source\repos\ArticleTest\ArticleUnitTest\bin\Debug\netcoreapp3.1\fine-code-coverage\build-output\ArticleUnitTest.dll'
TpTrace Information: 0 : 20316, 1, 2022/08/16, 11:16:13.478, 170671717534, vstest.console.dll, Determined framework for all sources: .NETCoreApp,Version=v3.1
TpTrace Information: 0 : 20316, 1, 2022/08/16, 11:16:13.479, 170671722385, vstest.console.dll, AssemblyMetadataProvider.GetArchitecture: Determined architecture:AnyCPU info for assembly: C:\Users\rpn\source\repos\ArticleTest\ArticleUnitTest\bin\Debug\netcoreapp3.1\fine-code-coverage\build-output\ArticleUnitTest.dll
TpTrace Information: 0 : 20316, 1, 2022/08/16, 11:16:13.481, 170671746960, vstest.console.dll, Determined platform for all sources: X64
TpTrace Information: 0 : 20316, 1, 2022/08/16, 11:16:13.484, 170671776629, vstest.console.dll, Compatible sources list : 
TpTrace Information: 0 : 20316, 1, 2022/08/16, 11:16:13.484, 170671777734, vstest.console.dll, C:\Users\rpn\source\repos\ArticleTest\ArticleUnitTest\bin\Debug\netcoreapp3.1\fine-code-coverage\build-output\ArticleUnitTest.dll
TpTrace Information: 0 : 20316, 1, 2022/08/16, 11:16:13.486, 170671801664, vstest.console.dll, InferRunSettingsHelper.IsTestSettingsEnabled: Unable to navigate to RunSettings/MSTest. Current node: RunSettings
TpTrace Information: 0 : 20316, 1, 2022/08/16, 11:16:13.487, 170671808357, vstest.console.dll, AssemblyResolver.OnResolve: Microsoft.VisualStudio.TestPlatform.Fakes: Resolving assembly.
TpTrace Information: 0 : 20316, 1, 2022/08/16, 11:16:13.487, 170671809056, vstest.console.dll, AssemblyResolver.OnResolve: Microsoft.VisualStudio.TestPlatform.Fakes: Searching in: 'C:\Program Files\dotnet\sdk\5.0.408\Extensions'.
TpTrace Information: 0 : 20316, 1, 2022/08/16, 11:16:13.487, 170671810079, vstest.console.dll, AssemblyResolver.OnResolve: Microsoft.VisualStudio.TestPlatform.Fakes: Assembly path does not exist: 'C:\Program Files\dotnet\sdk\5.0.408\Extensions\Microsoft.VisualStudio.TestPlatform.Fakes.dll', returning.
TpTrace Information: 0 : 20316, 1, 2022/08/16, 11:16:13.487, 170671810728, vstest.console.dll, AssemblyResolver.OnResolve: Microsoft.VisualStudio.TestPlatform.Fakes: Assembly path does not exist: 'C:\Program Files\dotnet\sdk\5.0.408\Extensions\Microsoft.VisualStudio.TestPlatform.Fakes.exe', returning.
TpTrace Information: 0 : 20316, 1, 2022/08/16, 11:16:13.487, 170671811093, vstest.console.dll, AssemblyResolver.OnResolve: Microsoft.VisualStudio.TestPlatform.Fakes: Searching in: 'C:\Program Files\dotnet\sdk\5.0.408'.
TpTrace Information: 0 : 20316, 1, 2022/08/16, 11:16:13.487, 170671811711, vstest.console.dll, AssemblyResolver.OnResolve: Microsoft.VisualStudio.TestPlatform.Fakes: Assembly path does not exist: 'C:\Program Files\dotnet\sdk\5.0.408\Microsoft.VisualStudio.TestPlatform.Fakes.dll', returning.
TpTrace Information: 0 : 20316, 1, 2022/08/16, 11:16:13.487, 170671812320, vstest.console.dll, AssemblyResolver.OnResolve: Microsoft.VisualStudio.TestPlatform.Fakes: Assembly path does not exist: 'C:\Program Files\dotnet\sdk\5.0.408\Microsoft.VisualStudio.TestPlatform.Fakes.exe', returning.
TpTrace Information: 0 : 20316, 1, 2022/08/16, 11:16:13.488, 170671812599, vstest.console.dll, AssemblyResolver.OnResolve: Microsoft.VisualStudio.TestPlatform.Fakes: Failed to load assembly.
TpTrace Information: 0 : 20316, 1, 2022/08/16, 11:16:13.488, 170671816020, vstest.console.dll, Failed to create newly implemented Fakes Configurator. Reason:System.IO.FileNotFoundException: Could not load file or assembly 'Microsoft.VisualStudio.TestPlatform.Fakes, Version=16.0.0.0, Culture=neutral, PublicKeyToken=null'. The system cannot find the file specified.
File name: 'Microsoft.VisualStudio.TestPlatform.Fakes, Version=16.0.0.0, Culture=neutral, PublicKeyToken=null'
   at System.Reflection.RuntimeAssembly.InternalLoad(ObjectHandleOnStack assemblyName, ObjectHandleOnStack requestingAssembly, StackCrawlMarkHandle stackMark, Boolean throwOnFileNotFound, ObjectHandleOnStack assemblyLoadContext, ObjectHandleOnStack retAssembly)
   at System.Reflection.RuntimeAssembly.InternalLoad(AssemblyName assemblyName, RuntimeAssembly requestingAssembly, StackCrawlMark& stackMark, Boolean throwOnFileNotFound, AssemblyLoadContext assemblyLoadContext)
   at System.Reflection.Assembly.Load(AssemblyName assemblyRef)
   at Microsoft.VisualStudio.TestPlatform.Common.Utilities.FakesUtilities.TryGetFakesCrossPlatformDataCollectorConfigurator() 
TpTrace Verbose: 0 : 20316, 1, 2022/08/16, 11:16:13.491, 170671850409, vstest.console.dll, TestPluginCache.DiscoverTestExtensions: finding test extensions in assemblies ends with: TestLogger.dll TPluginInfo: Microsoft.VisualStudio.TestPlatform.Common.ExtensionFramework.Utilities.TestLoggerPluginInformation TExtension: Microsoft.VisualStudio.TestPlatform.ObjectModel.Client.ITestLogger
TpTrace Verbose: 0 : 20316, 1, 2022/08/16, 11:16:13.491, 170671851390, vstest.console.dll, TestPluginCache.GetExtensionPaths: Filtered extension paths: 
TpTrace Verbose: 0 : 20316, 1, 2022/08/16, 11:16:13.491, 170671851722, vstest.console.dll, TestPluginCache.GetExtensionPaths: Added default extension paths: C:\Program Files\dotnet\sdk\5.0.408\Extensions\Microsoft.Diagnostics.NETCore.Client.dll
C:\Program Files\dotnet\sdk\5.0.408\Extensions\Microsoft.TestPlatform.Extensions.BlameDataCollector.dll
C:\Program Files\dotnet\sdk\5.0.408\Extensions\Microsoft.TestPlatform.Extensions.EventLogCollector.dll
C:\Program Files\dotnet\sdk\5.0.408\Extensions\Microsoft.TestPlatform.TestHostRuntimeProvider.dll
C:\Program Files\dotnet\sdk\5.0.408\Extensions\Microsoft.VisualStudio.TestPlatform.Extensions.Html.TestLogger.dll
C:\Program Files\dotnet\sdk\5.0.408\Extensions\Microsoft.VisualStudio.TestPlatform.Extensions.Trx.TestLogger.dll
TpTrace Verbose: 0 : 20316, 1, 2022/08/16, 11:16:13.491, 170671852040, vstest.console.dll, TestPluginCache.GetExtensionPaths: Added unfilterableExtensionPaths: 
TpTrace Information: 0 : 20316, 1, 2022/08/16, 11:16:13.492, 170671853564, vstest.console.dll, AssemblyResolver.AddSearchDirectories: Adding more searchDirectories C:\Program Files\dotnet\sdk\5.0.408\Extensions,C:\Program Files\dotnet\sdk\5.0.408
TpTrace Verbose: 0 : 20316, 1, 2022/08/16, 11:16:13.492, 170671853987, vstest.console.dll, TestPluginCache.DiscoverTestExtensions: Discovering the extensions using extension path.
TpTrace Verbose: 0 : 20316, 1, 2022/08/16, 11:16:13.492, 170671854293, vstest.console.dll, TestPluginCache.GetExtensionPaths: Filtered extension paths: 
TpTrace Verbose: 0 : 20316, 1, 2022/08/16, 11:16:13.492, 170671854630, vstest.console.dll, TestPluginCache.GetExtensionPaths: Added default extension paths: C:\Program Files\dotnet\sdk\5.0.408\Extensions\Microsoft.Diagnostics.NETCore.Client.dll
C:\Program Files\dotnet\sdk\5.0.408\Extensions\Microsoft.TestPlatform.Extensions.BlameDataCollector.dll
C:\Program Files\dotnet\sdk\5.0.408\Extensions\Microsoft.TestPlatform.Extensions.EventLogCollector.dll
C:\Program Files\dotnet\sdk\5.0.408\Extensions\Microsoft.TestPlatform.TestHostRuntimeProvider.dll
C:\Program Files\dotnet\sdk\5.0.408\Extensions\Microsoft.VisualStudio.TestPlatform.Extensions.Html.TestLogger.dll
C:\Program Files\dotnet\sdk\5.0.408\Extensions\Microsoft.VisualStudio.TestPlatform.Extensions.Trx.TestLogger.dll
TpTrace Verbose: 0 : 20316, 1, 2022/08/16, 11:16:13.492, 170671854902, vstest.console.dll, TestPluginCache.GetExtensionPaths: Added unfilterableExtensionPaths: 
TpTrace Verbose: 0 : 20316, 1, 2022/08/16, 11:16:13.492, 170671855202, vstest.console.dll, TestPluginCache.DiscoverTestExtensions: Discovering the extensions using allExtensionPaths: C:\Program Files\dotnet\sdk\5.0.408\Extensions\Microsoft.Diagnostics.NETCore.Client.dll
C:\Program Files\dotnet\sdk\5.0.408\Extensions\Microsoft.TestPlatform.Extensions.BlameDataCollector.dll
C:\Program Files\dotnet\sdk\5.0.408\Extensions\Microsoft.TestPlatform.Extensions.EventLogCollector.dll
C:\Program Files\dotnet\sdk\5.0.408\Extensions\Microsoft.TestPlatform.TestHostRuntimeProvider.dll
C:\Program Files\dotnet\sdk\5.0.408\Extensions\Microsoft.VisualStudio.TestPlatform.Extensions.Html.TestLogger.dll
C:\Program Files\dotnet\sdk\5.0.408\Extensions\Microsoft.VisualStudio.TestPlatform.Extensions.Trx.TestLogger.dll
TpTrace Information: 0 : 20316, 1, 2022/08/16, 11:16:13.492, 170671855573, vstest.console.dll, AssemblyResolver.AddSearchDirectories: Adding more searchDirectories C:\Program Files\dotnet\sdk\5.0.408\Extensions,C:\Program Files\dotnet\sdk\5.0.408
TpTrace Information: 0 : 20316, 1, 2022/08/16, 11:16:13.492, 170671855896, vstest.console.dll, AssemblyResolver.AddSearchDirectories: Adding more searchDirectories C:\Program Files\dotnet\sdk\5.0.408\Extensions,C:\Program Files\dotnet\sdk\5.0.408
TpTrace Information: 0 : 20316, 1, 2022/08/16, 11:16:13.492, 170671856146, vstest.console.dll, AssemblyResolver.AddSearchDirectories: Adding more searchDirectories C:\Program Files\dotnet\sdk\5.0.408\Extensions,C:\Program Files\dotnet\sdk\5.0.408
TpTrace Information: 0 : 20316, 1, 2022/08/16, 11:16:13.492, 170671856388, vstest.console.dll, AssemblyResolver.AddSearchDirectories: Adding more searchDirectories C:\Program Files\dotnet\sdk\5.0.408\Extensions,C:\Program Files\dotnet\sdk\5.0.408
TpTrace Information: 0 : 20316, 1, 2022/08/16, 11:16:13.492, 170671856667, vstest.console.dll, AssemblyResolver.AddSearchDirectories: Adding more searchDirectories C:\Program Files\dotnet\sdk\5.0.408\Extensions,C:\Program Files\dotnet\sdk\5.0.408
TpTrace Information: 0 : 20316, 1, 2022/08/16, 11:16:13.492, 170671856913, vstest.console.dll, AssemblyResolver.AddSearchDirectories: Adding more searchDirectories C:\Program Files\dotnet\sdk\5.0.408\Extensions,C:\Program Files\dotnet\sdk\5.0.408
TpTrace Information: 0 : 20316, 1, 2022/08/16, 11:16:13.492, 170671859202, vstest.console.dll, AssemblyResolver.OnResolve: Microsoft.Bcl.AsyncInterfaces: Resolving assembly.
TpTrace Information: 0 : 20316, 1, 2022/08/16, 11:16:13.492, 170671859613, vstest.console.dll, AssemblyResolver.OnResolve: Microsoft.Bcl.AsyncInterfaces: Resolved from cache.
TpTrace Verbose: 0 : 20316, 1, 2022/08/16, 11:16:13.492, 170671859895, vstest.console.dll, CurrentDomainAssemblyResolve: Resolving assembly 'Microsoft.Bcl.AsyncInterfaces'.
TpTrace Information: 0 : 20316, 1, 2022/08/16, 11:16:13.492, 170671860364, vstest.console.dll, AssemblyResolver.OnResolve: Microsoft.Bcl.AsyncInterfaces: Resolving assembly.
TpTrace Information: 0 : 20316, 1, 2022/08/16, 11:16:13.492, 170671860629, vstest.console.dll, AssemblyResolver.OnResolve: Microsoft.Bcl.AsyncInterfaces: Resolved from cache.
TpTrace Verbose: 0 : 20316, 1, 2022/08/16, 11:16:13.492, 170671860906, vstest.console.dll, CurrentDomainAssemblyResolve: Resolving assembly 'Microsoft.Bcl.AsyncInterfaces'.
TpTrace Verbose: 0 : 20316, 1, 2022/08/16, 11:16:13.492, 170671861155, vstest.console.dll, CurrentDomainAssemblyResolve: Failed to resolve assembly 'Microsoft.Bcl.AsyncInterfaces'.
TpTrace Verbose: 0 : 20316, 1, 2022/08/16, 11:16:13.493, 170671862512, vstest.console.dll, CurrentDomainAssemblyResolve: Failed to resolve assembly 'Microsoft.Bcl.AsyncInterfaces'.
TpTrace Warning: 0 : 20316, 1, 2022/08/16, 11:16:13.493, 170671865105, vstest.console.dll, TestPluginDiscoverer: Failed to get types from assembly 'Microsoft.Diagnostics.NETCore.Client, Version=0.2.2.41902, Culture=neutral, PublicKeyToken=31bf3856ad364e35'.  Skipping test extension scan for this assembly.  Error: System.Reflection.ReflectionTypeLoadException: Unable to load one or more of the requested types.
Could not load file or assembly 'Microsoft.Bcl.AsyncInterfaces, Version=1.0.0.0, Culture=neutral, PublicKeyToken=cc7b13ffcd2ddd51'. The system cannot find the file specified.
   at System.Reflection.RuntimeModule.GetTypes(RuntimeModule module)
   at System.Reflection.RuntimeModule.GetTypes()
   at System.Reflection.Assembly.GetTypes()
   at Microsoft.VisualStudio.TestPlatform.Common.ExtensionFramework.TestPluginDiscoverer.GetTestExtensionsFromAssembly[TPluginInfo,TExtension](Assembly assembly, Dictionary`2 pluginInfos)
System.IO.FileNotFoundException: Could not load file or assembly 'Microsoft.Bcl.AsyncInterfaces, Version=1.0.0.0, Culture=neutral, PublicKeyToken=cc7b13ffcd2ddd51'. The system cannot find the file specified.
File name: 'Microsoft.Bcl.AsyncInterfaces, Version=1.0.0.0, Culture=neutral, PublicKeyToken=cc7b13ffcd2ddd51'
TpTrace Warning: 0 : 20316, 1, 2022/08/16, 11:16:13.493, 170671865569, vstest.console.dll, LoaderExceptions: System.IO.FileNotFoundException: Could not load file or assembly 'Microsoft.Bcl.AsyncInterfaces, Version=1.0.0.0, Culture=neutral, PublicKeyToken=cc7b13ffcd2ddd51'. The system cannot find the file specified.
File name: 'Microsoft.Bcl.AsyncInterfaces, Version=1.0.0.0, Culture=neutral, PublicKeyToken=cc7b13ffcd2ddd51'
TpTrace Verbose: 0 : 20316, 1, 2022/08/16, 11:16:13.493, 170671868960, vstest.console.dll, TestPluginCache: Discovered the extensions using extension path ''.
TpTrace Verbose: 0 : 20316, 1, 2022/08/16, 11:16:13.493, 170671869348, vstest.console.dll, TestPluginCache: Discoverers are ''.
TpTrace Verbose: 0 : 20316, 1, 2022/08/16, 11:16:13.493, 170671869566, vstest.console.dll, TestPluginCache: Executors are ''.
TpTrace Verbose: 0 : 20316, 1, 2022/08/16, 11:16:13.493, 170671869805, vstest.console.dll, TestPluginCache: Executors2 are ''.
TpTrace Verbose: 0 : 20316, 1, 2022/08/16, 11:16:13.493, 170671870018, vstest.console.dll, TestPluginCache: Setting providers are ''.
TpTrace Verbose: 0 : 20316, 1, 2022/08/16, 11:16:13.493, 170671870611, vstest.console.dll, TestPluginCache: Loggers are 'logger://Microsoft/TestPlatform/Extensions/Blame/v1,logger://Microsoft/TestPlatform/HtmlLogger/v1,logger://Microsoft/TestPlatform/TrxLogger/v1'.
TpTrace Information: 0 : 20316, 1, 2022/08/16, 11:16:13.494, 170671876675, vstest.console.dll, TestPluginManager.CreateTestExtension: Attempting to load test extension: Microsoft.TestPlatform.Extensions.BlameDataCollector.BlameLogger
TpTrace Information: 0 : 20316, 1, 2022/08/16, 11:16:13.505, 170671984116, vstest.console.dll, TestPluginManager.CreateTestExtension: Attempting to load test extension: Microsoft.VisualStudio.TestPlatform.CrossPlatEngine.Hosting.DefaultTestHostManager
TpTrace Information: 0 : 20316, 1, 2022/08/16, 11:16:13.505, 170671987074, vstest.console.dll, TestPluginManager.CreateTestExtension: Attempting to load test extension: Microsoft.VisualStudio.TestPlatform.CrossPlatEngine.Hosting.DotnetTestHostManager
TpTrace Verbose: 0 : 20316, 1, 2022/08/16, 11:16:13.505, 170671991560, vstest.console.dll, TestEngine: Initializing Parallel Execution as MaxCpuCount is set to: 1
TpTrace Information: 0 : 20316, 1, 2022/08/16, 11:16:13.506, 170671996211, vstest.console.dll, InferRunSettingsHelper.IsTestSettingsEnabled: Unable to navigate to RunSettings/MSTest. Current node: RunSettings
TpTrace Verbose: 0 : 20316, 1, 2022/08/16, 11:16:13.520, 170672133753, vstest.console.dll, TestRequestSender is acting as server
TpTrace Verbose: 0 : 20316, 4, 2022/08/16, 11:16:13.523, 170672164600, vstest.console.dll, DataCollectionRequestSender.InitializeCommunication : Initialize communication. 
TpTrace Information: 0 : 20316, 4, 2022/08/16, 11:16:13.542, 170672354291, vstest.console.dll, Listening on Endpoint : 127.0.0.1:65270
TpTrace Verbose: 0 : 20316, 4, 2022/08/16, 11:16:13.553, 170672462917, vstest.console.dll, DotnetDataCollectionLauncher: Full path of dotnet.exe is C:\Program Files\dotnet\dotnet.exe
TpTrace Verbose: 0 : 20316, 4, 2022/08/16, 11:16:13.553, 170672464898, vstest.console.dll, DotnetDataCollectionLauncher: Adding  --runtimeconfig "C:\Program Files\dotnet\sdk\5.0.408\datacollector.runtimeconfig.json" in args
TpTrace Verbose: 0 : 20316, 4, 2022/08/16, 11:16:13.553, 170672465900, vstest.console.dll, DotnetDataCollectionLauncher: Adding  --depsfile "C:\Program Files\dotnet\sdk\5.0.408\datacollector.deps.json" in args
TpTrace Information: 0 : 20316, 4, 2022/08/16, 11:16:13.563, 170672569825, vstest.console.dll, ProxyDataCollectionManager.Initialize: Launched datacollector processId: 22336 port: 65270
TpTrace Information: 0 : 20316, 4, 2022/08/16, 11:16:13.563, 170672571681, vstest.console.dll, ProxyDataCollectionManager.Initialize: waiting for connection with timeout: 90 seconds
TpTrace Verbose: 0 : 20316, 4, 2022/08/16, 11:16:13.564, 170672572458, vstest.console.dll, DataCollectionRequestSender.WaitForRequestHandlerConnection : Waiting for connection with timeout: 90000
TpTrace Information: 0 : 20316, 7, 2022/08/16, 11:16:13.760, 170674534188, vstest.console.dll, Using the buffer size of 16384 bytes
TpTrace Verbose: 0 : 20316, 4, 2022/08/16, 11:16:13.760, 170674534944, vstest.console.dll, ProxyDataCollectionManager.InvokeDataCollectionServiceAction: Starting.
TpTrace Information: 0 : 20316, 7, 2022/08/16, 11:16:13.760, 170674535282, vstest.console.dll, Accepted Client request and set the flag
TpTrace Information: 0 : 20316, 4, 2022/08/16, 11:16:13.760, 170674536814, vstest.console.dll, ProxyDataCollectionManager.BeforeTestRunStart: Get environment variable and port for datacollector processId: 22336 port: 65270
TpTrace Verbose: 0 : 20316, 4, 2022/08/16, 11:16:13.760, 170674538480, vstest.console.dll, DataCollectionRequestSender.SendBeforeTestRunStartAndGetResult : Send BeforeTestRunStart message with settingsXml <RunSettings><RunConfiguration><ResultsDirectory>C:\Users\rpn\source\repos\ArticleTest\ArticleUnitTest\bin\Debug\netcoreapp3.1\fine-code-coverage\coverage-tool-output</ResultsDirectory><TargetPlatform>X64</TargetPlatform><TargetFrameworkVersion>.NETCoreApp,Version=v3.1</TargetFrameworkVersion><DesignMode>False</DesignMode><CollectSourceInformation>False</CollectSourceInformation><TestAdaptersPaths>C:\Program Files\dotnet\sdk\5.0.408\Extensions</TestAdaptersPaths></RunConfiguration><LoggerRunSettings><Loggers><Logger friendlyName="blame" enabled="True" /><Logger friendlyName="Console" uri="logger://microsoft/TestPlatform/ConsoleLogger/v1" assemblyQualifiedName="Microsoft.VisualStudio.TestPlatform.CommandLine.Internal.ConsoleLogger, vstest.console, Version=15.0.0.0, Culture=neutral, PublicKeyToken=b03f5f7f11d50a3a" codeBase="C:\Program Files\dotnet\sdk\5.0.408\vstest.console.dll" enabled="True" /></Loggers></LoggerRunSettings><DataCollectionRunSettings><DataCollectors><DataCollector friendlyName="blame" enabled="True"><Configuration><ResultsDirectory>C:\Users\rpn\source\repos\ArticleTest\ArticleUnitTest\bin\Debug\netcoreapp3.1\fine-code-coverage\coverage-tool-output</ResultsDirectory></Configuration></DataCollector></DataCollectors></DataCollectionRunSettings></RunSettings> and sources System.Linq.Enumerable+Concat2Iterator`1[System.String]: 
TpTrace Verbose: 0 : 20316, 4, 2022/08/16, 11:16:13.846, 170675395357, vstest.console.dll, DataCollectionRequestSender.SendBeforeTestRunStartAndGetResult : Received message: (DataCollection.SendMessage) -> {
  "FriendlyName": null,
  "Uri": null,
  "TestCaseId": "00000000-0000-0000-0000-000000000000",
  "Message": "Logging DataCollector Diagnostics in file: C:\\Users\\rpn\\source\\repos\\ArticleTest\\ArticleUnitTest\\bin\\Debug\\netcoreapp3.1\\fine-code-coverage\\coverage-tool-output\\diagnostics.datacollector.22-08-16_11-16-13_54874_4.log",
  "Level": 0
}
TpTrace Verbose: 0 : 20316, 4, 2022/08/16, 11:16:13.905, 170675983610, vstest.console.dll, DataCollectionRequestSender.SendBeforeTestRunStartAndGetResult : Received message: (DataCollection.BeforeTestRunStartResult) -> {
  "EnvironmentVariables": {},
  "DataCollectionEventsPort": 65272
}
TpTrace Information: 0 : 20316, 4, 2022/08/16, 11:16:13.909, 170676024291, vstest.console.dll, ProxyDataCollectionManager.BeforeTestRunStart: SendBeforeTestRunStartAndGetResult successful, env variable from datacollector:   and testhost port: 65272
TpTrace Information: 0 : 20316, 4, 2022/08/16, 11:16:13.909, 170676026577, vstest.console.dll, ProxyDataCollectionManager.InvokeDataCollectionServiceAction: Completed.
TpTrace Verbose: 0 : 20316, 1, 2022/08/16, 11:16:13.909, 170676028746, vstest.console.dll, TestRunRequest.ExecuteAsync: Creating test run request.
TpTrace Verbose: 0 : 20316, 1, 2022/08/16, 11:16:13.909, 170676031458, vstest.console.dll, TestRunRequest.ExecuteAsync: Starting.
TpTrace Information: 0 : 20316, 1, 2022/08/16, 11:16:13.910, 170676034162, vstest.console.dll, TestRunRequest.ExecuteAsync: Starting run with settings:TestRunCriteria:
   KeepAlive=False,FrequencyOfRunStatsChangeEvent=10,RunStatsChangeEventTimeout=00:00:01.5000000,TestCaseFilter=,TestExecutorLauncher=
   Settingsxml=<RunSettings>
  <RunConfiguration>
    <ResultsDirectory>C:\Users\rpn\source\repos\ArticleTest\ArticleUnitTest\bin\Debug\netcoreapp3.1\fine-code-coverage\coverage-tool-output</ResultsDirectory>
    <TargetPlatform>X64</TargetPlatform>
    <TargetFrameworkVersion>.NETCoreApp,Version=v3.1</TargetFrameworkVersion>
    <DesignMode>False</DesignMode>
    <CollectSourceInformation>False</CollectSourceInformation>
  </RunConfiguration>
  <LoggerRunSettings>
    <Loggers>
      <Logger friendlyName="blame" enabled="True" />
      <Logger friendlyName="Console" uri="logger://microsoft/TestPlatform/ConsoleLogger/v1" assemblyQualifiedName="Microsoft.VisualStudio.TestPlatform.CommandLine.Internal.ConsoleLogger, vstest.console, Version=15.0.0.0, Culture=neutral, PublicKeyToken=b03f5f7f11d50a3a" codeBase="C:\Program Files\dotnet\sdk\5.0.408\vstest.console.dll" enabled="True" />
    </Loggers>
  </LoggerRunSettings>
  <DataCollectionRunSettings>
    <DataCollectors>
      <DataCollector friendlyName="blame" enabled="True">
        <Configuration>
          <ResultsDirectory>C:\Users\rpn\source\repos\ArticleTest\ArticleUnitTest\bin\Debug\netcoreapp3.1\fine-code-coverage\coverage-tool-output</ResultsDirectory>
        </Configuration>
      </DataCollector>
    </DataCollectors>
  </DataCollectionRunSettings>
</RunSettings>

TpTrace Verbose: 0 : 20316, 1, 2022/08/16, 11:16:13.910, 170676035074, vstest.console.dll, TestRunRequest.ExecuteAsync: Wait for the first run request is over.
TpTrace Verbose: 0 : 20316, 1, 2022/08/16, 11:16:13.910, 170676039517, vstest.console.dll, ParallelProxyExecutionManager: Start execution. Total sources: 1
TpTrace Information: 0 : 20316, 1, 2022/08/16, 11:16:13.911, 170676045116, vstest.console.dll, ProxyParallelExecutionManager: Triggering test run for next source: C:\Users\rpn\source\repos\ArticleTest\ArticleUnitTest\bin\Debug\netcoreapp3.1\fine-code-coverage\build-output\ArticleUnitTest.dll
TpTrace Verbose: 0 : 20316, 4, 2022/08/16, 11:16:13.911, 170676047031, vstest.console.dll, ParallelProxyExecutionManager: Execution started. Started clients: 1
TpTrace Verbose: 0 : 20316, 1, 2022/08/16, 11:16:13.911, 170676047195, vstest.console.dll, ProxyParallelExecutionManager: No sources available for execution.
TpTrace Information: 0 : 20316, 1, 2022/08/16, 11:16:13.911, 170676048149, vstest.console.dll, TestRunRequest.ExecuteAsync: Started.
TpTrace Verbose: 0 : 20316, 1, 2022/08/16, 11:16:13.911, 170676048828, vstest.console.dll, TestRunRequest.WaitForCompletion: Waiting with timeout -1.
TpTrace Verbose: 0 : 20316, 4, 2022/08/16, 11:16:13.911, 170676049797, vstest.console.dll, TestRunRequest:SendTestRunMessage: Starting.
TpTrace Information: 0 : 20316, 4, 2022/08/16, 11:16:13.911, 170676050947, vstest.console.dll, TestRunRequest:SendTestRunMessage: Completed.
TpTrace Verbose: 0 : 20316, 4, 2022/08/16, 11:16:13.912, 170676052610, vstest.console.dll, ProxyExecutionManager: Test host is always Lazy initialize.
TpTrace Verbose: 0 : 20316, 4, 2022/08/16, 11:16:13.912, 170676054642, vstest.console.dll, TestRequestSender.InitializeCommunication: initialize communication. 
TpTrace Information: 0 : 20316, 4, 2022/08/16, 11:16:13.913, 170676066617, vstest.console.dll, SocketServer.Start: Listening on endpoint : 127.0.0.1:65273
TpTrace Verbose: 0 : 20316, 4, 2022/08/16, 11:16:13.914, 170676075586, vstest.console.dll, DotnetTestHostmanager: Adding  --runtimeconfig "C:\Users\rpn\source\repos\ArticleTest\ArticleUnitTest\bin\Debug\netcoreapp3.1\fine-code-coverage\build-output\ArticleUnitTest.runtimeconfig.json" in args
TpTrace Verbose: 0 : 20316, 4, 2022/08/16, 11:16:13.914, 170676077186, vstest.console.dll, DotnetTestHostmanager: Adding  --depsfile "C:\Users\rpn\source\repos\ArticleTest\ArticleUnitTest\bin\Debug\netcoreapp3.1\fine-code-coverage\build-output\ArticleUnitTest.deps.json" in args
TpTrace Information: 0 : 20316, 4, 2022/08/16, 11:16:13.914, 170676079786, vstest.console.dll, AssemblyResolver.OnResolve: Microsoft.Extensions.DependencyModel: Resolving assembly.
TpTrace Information: 0 : 20316, 4, 2022/08/16, 11:16:13.914, 170676080297, vstest.console.dll, AssemblyResolver.OnResolve: Microsoft.Extensions.DependencyModel: Searching in: 'C:\Program Files\dotnet\sdk\5.0.408\Extensions'.
TpTrace Information: 0 : 20316, 4, 2022/08/16, 11:16:13.914, 170676081100, vstest.console.dll, AssemblyResolver.OnResolve: Microsoft.Extensions.DependencyModel: Assembly path does not exist: 'C:\Program Files\dotnet\sdk\5.0.408\Extensions\Microsoft.Extensions.DependencyModel.dll', returning.
TpTrace Information: 0 : 20316, 4, 2022/08/16, 11:16:13.914, 170676081752, vstest.console.dll, AssemblyResolver.OnResolve: Microsoft.Extensions.DependencyModel: Assembly path does not exist: 'C:\Program Files\dotnet\sdk\5.0.408\Extensions\Microsoft.Extensions.DependencyModel.exe', returning.
TpTrace Information: 0 : 20316, 4, 2022/08/16, 11:16:13.914, 170676082117, vstest.console.dll, AssemblyResolver.OnResolve: Microsoft.Extensions.DependencyModel: Searching in: 'C:\Program Files\dotnet\sdk\5.0.408'.
TpTrace Information: 0 : 20316, 4, 2022/08/16, 11:16:13.915, 170676084124, vstest.console.dll, AssemblyResolver.OnResolve: Microsoft.Extensions.DependencyModel: Loading assembly 'C:\Program Files\dotnet\sdk\5.0.408\Microsoft.Extensions.DependencyModel.dll'.
TpTrace Information: 0 : 20316, 4, 2022/08/16, 11:16:13.915, 170676090814, vstest.console.dll, AssemblyResolver.OnResolve: Resolved assembly: Microsoft.Extensions.DependencyModel, from path: C:\Program Files\dotnet\sdk\5.0.408\Microsoft.Extensions.DependencyModel.dll
TpTrace Verbose: 0 : 20316, 4, 2022/08/16, 11:16:13.916, 170676094111, vstest.console.dll, DotnetTestHostmanager: Reading file C:\Users\rpn\source\repos\ArticleTest\ArticleUnitTest\bin\Debug\netcoreapp3.1\fine-code-coverage\build-output\ArticleUnitTest.deps.json to get path of testhost.dll
TpTrace Verbose: 0 : 20316, 4, 2022/08/16, 11:16:13.934, 170676277031, vstest.console.dll, DotnetTestHostmanager: Relative path of testhost.dll with respect to package folder is microsoft.testplatform.testhost/16.5.0\lib/netcoreapp2.1/testhost.dll
TpTrace Verbose: 0 : 20316, 4, 2022/08/16, 11:16:13.935, 170676283042, vstest.console.dll, DotnetTestHostmanager: Looking for path microsoft.testplatform.testhost/16.5.0\lib/netcoreapp2.1/testhost.dll in folder C:\Users\rpn\.dotnet\store\|arch|\|tfm|
TpTrace Verbose: 0 : 20316, 4, 2022/08/16, 11:16:13.935, 170676284206, vstest.console.dll, DotnetTestHostmanager: Looking for path microsoft.testplatform.testhost/16.5.0\lib/netcoreapp2.1/testhost.dll in folder C:\Users\rpn\.nuget\packages
TpTrace Verbose: 0 : 20316, 4, 2022/08/16, 11:16:13.935, 170676286186, vstest.console.dll, DotnetTestHostManager: Testhost.exe/testhost.x86.exe found at path: C:\Users\rpn\.nuget\packages\microsoft.testplatform.testhost\16.5.0\build\netcoreapp2.1\x64\testhost.exe
TpTrace Verbose: 0 : 20316, 4, 2022/08/16, 11:16:13.935, 170676286621, vstest.console.dll, DotnetTestHostmanager: Full path of host exe is C:\Users\rpn\.nuget\packages\microsoft.testplatform.testhost\16.5.0\build\netcoreapp2.1\x64\testhost.exe
TpTrace Verbose: 0 : 20316, 6, 2022/08/16, 11:16:13.936, 170676294273, vstest.console.dll, DotnetTestHostManager: Starting process 'C:\Users\rpn\.nuget\packages\microsoft.testplatform.testhost\16.5.0\build\netcoreapp2.1\x64\testhost.exe' with command line ' --runtimeconfig "C:\Users\rpn\source\repos\ArticleTest\ArticleUnitTest\bin\Debug\netcoreapp3.1\fine-code-coverage\build-output\ArticleUnitTest.runtimeconfig.json" --depsfile "C:\Users\rpn\source\repos\ArticleTest\ArticleUnitTest\bin\Debug\netcoreapp3.1\fine-code-coverage\build-output\ArticleUnitTest.deps.json" --port 65273 --endpoint 127.0.0.1:065273 --role client --parentprocessid 20316 --diag "C:\Users\rpn\source\repos\ArticleTest\ArticleUnitTest\bin\Debug\netcoreapp3.1\fine-code-coverage\coverage-tool-output\diagnostics.host.22-08-16_11-16-13_91380_4.log" --tracelevel 4 --datacollectionport 65272 --telemetryoptedin false'
TpTrace Verbose: 0 : 20316, 6, 2022/08/16, 11:16:13.943, 170676364238, vstest.console.dll, Test Runtime launched
TpTrace Verbose: 0 : 20316, 4, 2022/08/16, 11:16:13.944, 170676374605, vstest.console.dll, TestRequestSender.WaitForRequestHandlerConnection: waiting for connection with timeout: 90000
TpTrace Verbose: 0 : 20316, 14, 2022/08/16, 11:16:14.177, 170678705485, vstest.console.dll, SocketServer.OnClientConnected: Client connected for endPoint: 127.0.0.1:65273, starting MessageLoopAsync:
TpTrace Verbose: 0 : 20316, 14, 2022/08/16, 11:16:14.177, 170678708257, vstest.console.dll, TcpClientExtensions.MessageLoopAsync: Polling on remoteEndPoint: 127.0.0.1:65274 localEndPoint: 127.0.0.1:65273
TpTrace Verbose: 0 : 20316, 14, 2022/08/16, 11:16:14.323, 170680171440, vstest.console.dll, TcpClientExtensions.MessageLoopAsync: NotifyDataAvailable remoteEndPoint: 127.0.0.1:65274 localEndPoint: 127.0.0.1:65273
TpTrace Verbose: 0 : 20316, 14, 2022/08/16, 11:16:14.324, 170680173977, vstest.console.dll, TestRequestSender.CheckVersionWithTestHost: onMessageReceived received message: (ProtocolVersion) -> 2
TpTrace Verbose: 0 : 20316, 14, 2022/08/16, 11:16:14.324, 170680179375, vstest.console.dll, TcpClientExtensions.MessageLoopAsync: Polling on remoteEndPoint: 127.0.0.1:65274 localEndPoint: 127.0.0.1:65273
TpTrace Verbose: 0 : 20316, 4, 2022/08/16, 11:16:14.324, 170680180610, vstest.console.dll, TestPluginCache.GetExtensionPaths: Filtered extension paths: 
TpTrace Verbose: 0 : 20316, 4, 2022/08/16, 11:16:14.324, 170680181227, vstest.console.dll, TestPluginCache.GetExtensionPaths: Added default extension paths: C:\Program Files\dotnet\sdk\5.0.408\Extensions\Microsoft.Diagnostics.NETCore.Client.dll
C:\Program Files\dotnet\sdk\5.0.408\Extensions\Microsoft.TestPlatform.Extensions.BlameDataCollector.dll
C:\Program Files\dotnet\sdk\5.0.408\Extensions\Microsoft.TestPlatform.Extensions.EventLogCollector.dll
C:\Program Files\dotnet\sdk\5.0.408\Extensions\Microsoft.TestPlatform.TestHostRuntimeProvider.dll
C:\Program Files\dotnet\sdk\5.0.408\Extensions\Microsoft.VisualStudio.TestPlatform.Extensions.Html.TestLogger.dll
C:\Program Files\dotnet\sdk\5.0.408\Extensions\Microsoft.VisualStudio.TestPlatform.Extensions.Trx.TestLogger.dll
TpTrace Verbose: 0 : 20316, 4, 2022/08/16, 11:16:14.324, 170680181544, vstest.console.dll, TestPluginCache.GetExtensionPaths: Added unfilterableExtensionPaths: 
TpTrace Verbose: 0 : 20316, 4, 2022/08/16, 11:16:14.327, 170680210240, vstest.console.dll, TestRequestSender.InitializeExecution: Sending initializing execution with message: {"Version":2,"MessageType":"TestExecution.Initialize","Payload":["C:\\Users\\rpn\\source\\repos\\ArticleTest\\ArticleUnitTest\\bin\\Debug\\netcoreapp3.1\\fine-code-coverage\\build-output\\xunit.runner.visualstudio.dotnetcore.testadapter.dll"]}
TpTrace Verbose: 0 : 20316, 4, 2022/08/16, 11:16:14.334, 170680276498, vstest.console.dll, TestRequestSender.StartTestRun: Sending test run with message: {"Version":2,"MessageType":"TestExecution.StartWithSources","Payload":{"AdapterSourceMap":{"_none_":["C:\\Users\\rpn\\source\\repos\\ArticleTest\\ArticleUnitTest\\bin\\Debug\\netcoreapp3.1\\fine-code-coverage\\build-output\\ArticleUnitTest.dll"]},"RunSettings":"<RunSettings>\r\n  <RunConfiguration>\r\n    <ResultsDirectory>C:\\Users\\rpn\\source\\repos\\ArticleTest\\ArticleUnitTest\\bin\\Debug\\netcoreapp3.1\\fine-code-coverage\\coverage-tool-output</ResultsDirectory>\r\n    <TargetPlatform>X64</TargetPlatform>\r\n    <TargetFrameworkVersion>.NETCoreApp,Version=v3.1</TargetFrameworkVersion>\r\n    <DesignMode>False</DesignMode>\r\n    <CollectSourceInformation>False</CollectSourceInformation>\r\n  </RunConfiguration>\r\n  <LoggerRunSettings>\r\n    <Loggers>\r\n      <Logger friendlyName=\"blame\" enabled=\"True\" />\r\n      <Logger friendlyName=\"Console\" uri=\"logger://microsoft/TestPlatform/ConsoleLogger/v1\" assemblyQualifiedName=\"Microsoft.VisualStudio.TestPlatform.CommandLine.Internal.ConsoleLogger, vstest.console, Version=15.0.0.0, Culture=neutral, PublicKeyToken=b03f5f7f11d50a3a\" codeBase=\"C:\\Program Files\\dotnet\\sdk\\5.0.408\\vstest.console.dll\" enabled=\"True\" />\r\n    </Loggers>\r\n  </LoggerRunSettings>\r\n  <DataCollectionRunSettings>\r\n    <DataCollectors>\r\n      <DataCollector friendlyName=\"blame\" enabled=\"True\">\r\n        <Configuration>\r\n          <ResultsDirectory>C:\\Users\\rpn\\source\\repos\\ArticleTest\\ArticleUnitTest\\bin\\Debug\\netcoreapp3.1\\fine-code-coverage\\coverage-tool-output</ResultsDirectory>\r\n        </Configuration>\r\n      </DataCollector>\r\n    </DataCollectors>\r\n  </DataCollectionRunSettings>\r\n</RunSettings>","TestExecutionContext":{"FrequencyOfRunStatsChangeEvent":10,"RunStatsChangeEventTimeout":"00:00:01.5000000","InIsolation":false,"KeepAlive":false,"AreTestCaseLevelEventsRequired":false,"IsDebug":false,"TestCaseFilter":null,"FilterOptions":null},"Package":null}}
TpTrace Verbose: 0 : 20316, 14, 2022/08/16, 11:16:14.334, 170680281679, vstest.console.dll, TcpClientExtensions.MessageLoopAsync: NotifyDataAvailable remoteEndPoint: 127.0.0.1:65274 localEndPoint: 127.0.0.1:65273
TpTrace Verbose: 0 : 20316, 14, 2022/08/16, 11:16:14.335, 170680283124, vstest.console.dll, TestRequestSender.OnExecutionMessageReceived: Received message: {"Version":2,"MessageType":"TestSession.Message","Payload":{"MessageLevel":0,"Message":"Logging TestHost Diagnostics in file: C:\\Users\\rpn\\source\\repos\\ArticleTest\\ArticleUnitTest\\bin\\Debug\\netcoreapp3.1\\fine-code-coverage\\coverage-tool-output\\diagnostics.host.22-08-16_11-16-13_91380_4.log"}}
TpTrace Verbose: 0 : 20316, 14, 2022/08/16, 11:16:14.337, 170680307932, vstest.console.dll, TestRunRequest:SendTestRunMessage: Starting.
TpTrace Information: 0 : 20316, 14, 2022/08/16, 11:16:14.337, 170680309333, vstest.console.dll, TestRunRequest:SendTestRunMessage: Completed.
TpTrace Verbose: 0 : 20316, 14, 2022/08/16, 11:16:14.337, 170680309698, vstest.console.dll, TcpClientExtensions.MessageLoopAsync: Polling on remoteEndPoint: 127.0.0.1:65274 localEndPoint: 127.0.0.1:65273
TpTrace Verbose: 0 : 20316, 14, 2022/08/16, 11:16:14.482, 170681756747, vstest.console.dll, TcpClientExtensions.MessageLoopAsync: NotifyDataAvailable remoteEndPoint: 127.0.0.1:65274 localEndPoint: 127.0.0.1:65273
TpTrace Verbose: 0 : 20316, 14, 2022/08/16, 11:16:14.482, 170681757965, vstest.console.dll, TestRequestSender.OnExecutionMessageReceived: Received message: {"Version":2,"MessageType":"TestSession.Message","Payload":{"MessageLevel":0,"Message":"[xUnit.net 00:00:00.00] xUnit.net VSTest Adapter v2.4.0 (64-bit .NET Core 3.1.27)"}}
TpTrace Verbose: 0 : 20316, 14, 2022/08/16, 11:16:14.482, 170681759948, vstest.console.dll, TestRunRequest:SendTestRunMessage: Starting.
TpTrace Information: 0 : 20316, 14, 2022/08/16, 11:16:14.482, 170681760718, vstest.console.dll, TestRunRequest:SendTestRunMessage: Completed.
TpTrace Verbose: 0 : 20316, 14, 2022/08/16, 11:16:14.482, 170681761069, vstest.console.dll, TcpClientExtensions.MessageLoopAsync: Polling on remoteEndPoint: 127.0.0.1:65274 localEndPoint: 127.0.0.1:65273
TpTrace Verbose: 0 : 20316, 14, 2022/08/16, 11:16:15.132, 170688260381, vstest.console.dll, TcpClientExtensions.MessageLoopAsync: NotifyDataAvailable remoteEndPoint: 127.0.0.1:65274 localEndPoint: 127.0.0.1:65273
TpTrace Verbose: 0 : 20316, 14, 2022/08/16, 11:16:15.132, 170688261493, vstest.console.dll, TestRequestSender.OnExecutionMessageReceived: Received message: {"Version":2,"MessageType":"TestSession.Message","Payload":{"MessageLevel":0,"Message":"[xUnit.net 00:00:00.65]   Discovering: ArticleUnitTest"}}
TpTrace Verbose: 0 : 20316, 14, 2022/08/16, 11:16:15.133, 170688263473, vstest.console.dll, TestRunRequest:SendTestRunMessage: Starting.
TpTrace Information: 0 : 20316, 14, 2022/08/16, 11:16:15.133, 170688264104, vstest.console.dll, TestRunRequest:SendTestRunMessage: Completed.
TpTrace Verbose: 0 : 20316, 14, 2022/08/16, 11:16:15.133, 170688264378, vstest.console.dll, TcpClientExtensions.MessageLoopAsync: Polling on remoteEndPoint: 127.0.0.1:65274 localEndPoint: 127.0.0.1:65273
TpTrace Verbose: 0 : 20316, 14, 2022/08/16, 11:16:15.165, 170688591309, vstest.console.dll, TcpClientExtensions.MessageLoopAsync: NotifyDataAvailable remoteEndPoint: 127.0.0.1:65274 localEndPoint: 127.0.0.1:65273
TpTrace Verbose: 0 : 20316, 14, 2022/08/16, 11:16:15.166, 170688592383, vstest.console.dll, TestRequestSender.OnExecutionMessageReceived: Received message: {"Version":2,"MessageType":"TestSession.Message","Payload":{"MessageLevel":0,"Message":"[xUnit.net 00:00:00.68]   Discovered:  ArticleUnitTest"}}
TpTrace Verbose: 0 : 20316, 14, 2022/08/16, 11:16:15.166, 170688593629, vstest.console.dll, TestRunRequest:SendTestRunMessage: Starting.
TpTrace Information: 0 : 20316, 14, 2022/08/16, 11:16:15.166, 170688594295, vstest.console.dll, TestRunRequest:SendTestRunMessage: Completed.
TpTrace Verbose: 0 : 20316, 14, 2022/08/16, 11:16:15.166, 170688594558, vstest.console.dll, TcpClientExtensions.MessageLoopAsync: Polling on remoteEndPoint: 127.0.0.1:65274 localEndPoint: 127.0.0.1:65273
TpTrace Verbose: 0 : 20316, 14, 2022/08/16, 11:16:15.168, 170688614117, vstest.console.dll, TcpClientExtensions.MessageLoopAsync: NotifyDataAvailable remoteEndPoint: 127.0.0.1:65274 localEndPoint: 127.0.0.1:65273
TpTrace Verbose: 0 : 20316, 14, 2022/08/16, 11:16:15.168, 170688615359, vstest.console.dll, TestRequestSender.OnExecutionMessageReceived: Received message: {"Version":2,"MessageType":"TestSession.Message","Payload":{"MessageLevel":0,"Message":"[xUnit.net 00:00:00.69]   Starting:    ArticleUnitTest"}}
TpTrace Verbose: 0 : 20316, 14, 2022/08/16, 11:16:15.168, 170688616718, vstest.console.dll, TestRunRequest:SendTestRunMessage: Starting.
TpTrace Information: 0 : 20316, 14, 2022/08/16, 11:16:15.168, 170688617231, vstest.console.dll, TestRunRequest:SendTestRunMessage: Completed.
TpTrace Verbose: 0 : 20316, 14, 2022/08/16, 11:16:15.168, 170688617506, vstest.console.dll, TcpClientExtensions.MessageLoopAsync: Polling on remoteEndPoint: 127.0.0.1:65274 localEndPoint: 127.0.0.1:65273
TpTrace Verbose: 0 : 20316, 14, 2022/08/16, 11:16:15.364, 170690581559, vstest.console.dll, TcpClientExtensions.MessageLoopAsync: NotifyDataAvailable remoteEndPoint: 127.0.0.1:65274 localEndPoint: 127.0.0.1:65273
TpTrace Verbose: 0 : 20316, 14, 2022/08/16, 11:16:15.365, 170690582714, vstest.console.dll, TestRequestSender.OnExecutionMessageReceived: Received message: {"Version":2,"MessageType":"TestSession.Message","Payload":{"MessageLevel":0,"Message":"[xUnit.net 00:00:00.88]   Finished:    ArticleUnitTest"}}
TpTrace Verbose: 0 : 20316, 14, 2022/08/16, 11:16:15.365, 170690584137, vstest.console.dll, TestRunRequest:SendTestRunMessage: Starting.
TpTrace Information: 0 : 20316, 14, 2022/08/16, 11:16:15.365, 170690584576, vstest.console.dll, TestRunRequest:SendTestRunMessage: Completed.
TpTrace Verbose: 0 : 20316, 14, 2022/08/16, 11:16:15.365, 170690584841, vstest.console.dll, TcpClientExtensions.MessageLoopAsync: Polling on remoteEndPoint: 127.0.0.1:65274 localEndPoint: 127.0.0.1:65273
TpTrace Verbose: 0 : 20316, 14, 2022/08/16, 11:16:15.407, 170691004784, vstest.console.dll, TcpClientExtensions.MessageLoopAsync: NotifyDataAvailable remoteEndPoint: 127.0.0.1:65274 localEndPoint: 127.0.0.1:65273
TpTrace Verbose: 0 : 20316, 14, 2022/08/16, 11:16:15.407, 170691006161, vstest.console.dll, TestRequestSender.OnExecutionMessageReceived: Received message: {"Version":2,"MessageType":"TestExecution.Completed","Payload":{"TestRunCompleteArgs":{"TestRunStatistics":{"ExecutedTests":1,"Stats":{"Passed":1}},"IsCanceled":false,"IsAborted":false,"Error":null,"AttachmentSets":[],"ElapsedTimeInRunningTests":"00:00:00.8946730","Metrics":{}},"LastRunTests":{"NewTestResults":[{"TestCase":{"Id":"d75d5656-e3ff-f114-3b42-13ec994f3852","FullyQualifiedName":"ArticleUnitTest.ArticleServiceTest.Get_Should_ReturnData","DisplayName":"ArticleUnitTest.ArticleServiceTest.Get_Should_ReturnData","ExecutorUri":"executor://xunit/VsTestRunner2/netcoreapp","Source":"C:\\Users\\rpn\\source\\repos\\ArticleTest\\ArticleUnitTest\\bin\\Debug\\netcoreapp3.1\\fine-code-coverage\\build-output\\ArticleUnitTest.dll","CodeFilePath":null,"LineNumber":0,"Properties":[]},"Attachments":[],"Outcome":1,"ErrorMessage":null,"ErrorStackTrace":null,"DisplayName":"ArticleUnitTest.ArticleServiceTest.Get_Should_ReturnData","Messages":[],"ComputerName":"LAPTOP-J8S428LN","Duration":"00:00:00.1157040","StartTime":"2022-08-16T03:16:15.3417297+00:00","EndTime":"2022-08-16T03:16:15.3417549+00:00","Properties":[]}],"TestRunStatistics":{"ExecutedTests":1,"Stats":{"Passed":1}},"ActiveTests":[]},"RunAttachments":[],"ExecutorUris":["executor://xunit/VsTestRunner2/netcoreapp"]}}
TpTrace Verbose: 0 : 20316, 14, 2022/08/16, 11:16:15.409, 170691028623, vstest.console.dll, TestRequestSender.EndSession: Sending end session.
TpTrace Verbose: 0 : 20316, 14, 2022/08/16, 11:16:15.409, 170691030540, vstest.console.dll, ProxyOperationManager.Close: waiting for test host to exit for 100 ms
TpTrace Warning: 0 : 20316, 12, 2022/08/16, 11:16:15.430, 170691235694, vstest.console.dll, TestHostManagerCallbacks.ErrorReceivedCallback Test host standard error line: 
TpTrace Verbose: 0 : 20316, 7, 2022/08/16, 11:16:15.441, 170691351804, vstest.console.dll, TestHostProvider.ExitCallBack: Host exited starting callback.
TpTrace Information: 0 : 20316, 7, 2022/08/16, 11:16:15.442, 170691358419, vstest.console.dll, TestHostManagerCallbacks.ExitCallBack: Testhost processId: 10948 exited with exitcode: 0 error: ''
TpTrace Verbose: 0 : 20316, 7, 2022/08/16, 11:16:15.442, 170691358891, vstest.console.dll, DotnetTestHostManager.OnHostExited: invoking OnHostExited callback
TpTrace Verbose: 0 : 20316, 7, 2022/08/16, 11:16:15.442, 170691359270, vstest.console.dll, CrossPlatEngine.TestHostManagerHostExited: calling on client process exit callback.
TpTrace Information: 0 : 20316, 7, 2022/08/16, 11:16:15.442, 170691359705, vstest.console.dll, TestRequestSender.OnClientProcessExit: Test host process exited. Standard error: 
TpTrace Information: 0 : 20316, 7, 2022/08/16, 11:16:15.442, 170691360033, vstest.console.dll, SocketServer.Stop: Stop server endPoint: 127.0.0.1:65273
TpTrace Warning: 0 : 20316, 14, 2022/08/16, 11:16:15.442, 170691360141, vstest.console.dll, ProxyOperationManager: Timed out waiting for test host to exit. Will terminate process.
TpTrace Information: 0 : 20316, 7, 2022/08/16, 11:16:15.442, 170691360233, vstest.console.dll, SocketServer.Stop: Cancellation requested. Stopping message loop.
TpTrace Verbose: 0 : 20316, 14, 2022/08/16, 11:16:15.443, 170691365789, vstest.console.dll, ProxyDataCollectionManager.InvokeDataCollectionServiceAction: Starting.
TpTrace Information: 0 : 20316, 14, 2022/08/16, 11:16:15.443, 170691366255, vstest.console.dll, ProxyDataCollectionManager.AfterTestRunEnd: Get attachment set for datacollector processId: 22336 port: 65270
TpTrace Verbose: 0 : 20316, 14, 2022/08/16, 11:16:15.443, 170691366625, vstest.console.dll, DataCollectionRequestSender.SendAfterTestRunStartAndGetResult : Send AfterTestRunEnd message with isCancelled: False
TpTrace Verbose: 0 : 20316, 14, 2022/08/16, 11:16:15.447, 170691407578, vstest.console.dll, DataCollectionRequestSender.SendAfterTestRunStartAndGetResult : Received message: (DataCollection.AfterTestRunEndResult) -> {
  "AttachmentSets": [],
  "Metrics": {}
}
TpTrace Information: 0 : 20316, 14, 2022/08/16, 11:16:15.451, 170691445577, vstest.console.dll, ProxyDataCollectionManager.InvokeDataCollectionServiceAction: Completed.
TpTrace Warning: 0 : 20316, 9, 2022/08/16, 11:16:15.452, 170691452635, vstest.console.dll, DataCollectionLauncher.ErrorReceivedCallback datacollector standard error line: 
TpTrace Information: 0 : 20316, 7, 2022/08/16, 11:16:15.455, 170691489927, vstest.console.dll, DataCollectionLauncher.ExitCallBack: Data collector exited with exitcode: 0 error: ''
TpTrace Verbose: 0 : 20316, 14, 2022/08/16, 11:16:15.491, 170691844629, vstest.console.dll, TestRunRequest:SendTestRunStatsChange: Starting.
TpTrace Information: 0 : 20316, 14, 2022/08/16, 11:16:15.491, 170691846472, vstest.console.dll, TestRunRequest:SendTestRunStatsChange: Completed.
TpTrace Verbose: 0 : 20316, 14, 2022/08/16, 11:16:15.491, 170691847772, vstest.console.dll, ParallelProxyExecutionManager: HandlePartialRunComplete: Total completed clients = 1, Run complete = True, Run canceled: False.
TpTrace Verbose: 0 : 20316, 14, 2022/08/16, 11:16:15.511, 170692042795, vstest.console.dll, TestRunRequest:TestRunComplete: Starting. IsAborted:False IsCanceled:False.
TpTrace Verbose: 0 : 20316, 14, 2022/08/16, 11:16:15.511, 170692044846, vstest.console.dll, TestLoggerManager.HandleTestRunComplete: Ignoring as the object is disposed.
TpTrace Information: 0 : 20316, 14, 2022/08/16, 11:16:15.511, 170692047027, vstest.console.dll, TestRunRequest:TestRunComplete: Completed.
TpTrace Verbose: 0 : 20316, 1, 2022/08/16, 11:16:15.511, 170692047357, vstest.console.dll, TestRunRequest.Dispose: Starting.
TpTrace Verbose: 0 : 20316, 14, 2022/08/16, 11:16:15.511, 170692047424, vstest.console.dll, TestRequestSender.SetOperationComplete: Setting operation complete.
TpTrace Information: 0 : 20316, 1, 2022/08/16, 11:16:15.511, 170692048264, vstest.console.dll, TestRunRequest.Dispose: Completed.
TpTrace Information: 0 : 20316, 14, 2022/08/16, 11:16:15.511, 170692048919, vstest.console.dll, SocketServer.Stop: Stop server endPoint: 127.0.0.1:65273
TpTrace Information: 0 : 20316, 1, 2022/08/16, 11:16:15.511, 170692049423, vstest.console.dll, TestRequestManager.RunTests: run tests completed.
TpTrace Information: 0 : 20316, 14, 2022/08/16, 11:16:15.511, 170692049538, vstest.console.dll, SocketServer.Stop: Cancellation requested. Stopping message loop.
TpTrace Information: 0 : 20316, 14, 2022/08/16, 11:16:15.511, 170692050153, vstest.console.dll, SocketServer.PrivateStop: Stop server endPoint: 127.0.0.1:65273 error: 
TpTrace Information: 0 : 20316, 1, 2022/08/16, 11:16:15.511, 170692050170, vstest.console.dll, RunTestsArgumentProcessor:Execute: Test run is completed.
TpTrace Verbose: 0 : 20316, 1, 2022/08/16, 11:16:15.511, 170692051992, vstest.console.dll, Executor.Execute: Exiting with exit code of 0
TpTrace Verbose: 0 : 20316, 14, 2022/08/16, 11:16:15.512, 170692055634, vstest.console.dll, LengthPrefixCommunicationChannel.Dispose: Dispose reader and writer.
TpTrace Information: 0 : 20316, 14, 2022/08/16, 11:16:15.512, 170692056610, vstest.console.dll, SocketServer.Stop: Raise disconnected event endPoint: 127.0.0.1:65273 error: 
